2023-02-24 18:09:17,929 - model.relevant_doc_retriever - Miss_querry = ['R02-19-A', 'R02-18-U', 'R02-23-E', 'R02-15-I']
2023-02-24 18:15:37,780 - model.relevant_doc_retriever - Miss_querry = ['R02-13-A', 'R02-23-E', 'R02-18-U', 'R02-15-I', 'R02-17-A', 'R02-19-A', 'R02-16-I', 'R02-15-O']
2023-02-24 18:21:54,729 - model.relevant_doc_retriever - Miss_querry = ['R02-16-U', 'R02-15-O', 'R02-18-U', 'R02-27-A', 'R02-13-A', 'R02-17-A', 'R02-26-U', 'R02-15-I', 'R02-9-O', 'R02-26-O', 'R02-16-O', 'R02-3-U', 'R02-19-A', 'R02-36-U', 'R02-16-I', 'R02-23-E']
2023-02-24 18:28:11,294 - model.relevant_doc_retriever - Miss_querry = ['R02-3-U', 'R02-15-O', 'R02-13-A', 'R02-19-A', 'R02-26-U', 'R02-23-E', 'R02-16-U', 'R02-17-A', 'R02-9-O', 'R02-18-U', 'R02-27-A', 'R02-16-O', 'R02-15-I', 'R02-26-O', 'R02-4-A', 'R02-16-I']
2023-02-24 18:34:26,483 - model.relevant_doc_retriever - Miss_querry = ['R02-23-E', 'R02-26-U', 'R02-15-I', 'R02-15-O', 'R02-27-A', 'R02-18-U']
2023-02-24 18:40:42,777 - model.relevant_doc_retriever - Miss_querry = ['R02-15-I', 'R02-18-U', 'R02-13-A', 'R02-16-I', 'R02-9-O', 'R02-27-A', 'R02-15-O', 'R02-3-U', 'R02-23-E', 'R02-17-A']
2023-02-24 18:46:59,569 - model.relevant_doc_retriever - Miss_querry = ['R02-9-O', 'R02-15-I', 'R02-16-I', 'R02-15-O', 'R02-23-E', 'R02-18-U', 'R02-13-A', 'R02-27-A']
2023-02-24 18:53:15,243 - model.relevant_doc_retriever - Miss_querry = ['R02-15-I', 'R02-16-U', 'R02-18-U', 'R02-16-I', 'R02-15-O', 'R02-4-A', 'R02-27-A', 'R02-23-E', 'R02-13-A', 'R02-17-A', 'R02-9-O']
2023-02-24 18:59:31,742 - model.relevant_doc_retriever - Miss_querry = ['R02-15-O', 'R02-15-U', 'R02-13-A', 'R02-15-I', 'R02-23-E', 'R02-18-U', 'R02-16-I', 'R02-3-U', 'R02-16-O', 'R02-27-A', 'R02-17-A', 'R02-17-U', 'R02-4-A', 'R02-16-U']
2023-02-24 19:05:48,429 - model.relevant_doc_retriever - Miss_querry = ['R02-3-U', 'R02-16-A', 'R02-12-A', 'R02-18-U', 'R02-28-U', 'R02-16-O', 'R02-24-I', 'R02-27-A', 'R02-17-A', 'R02-16-I', 'R02-15-O', 'R02-13-A', 'R02-16-U', 'R02-4-A', 'R02-23-E', 'R02-15-I', 'R02-13-E', 'R02-19-I', 'R02-24-E']
2023-02-24 19:12:04,386 - model.relevant_doc_retriever - Miss_querry = ['R02-26-U', 'R02-18-U', 'R02-19-I', 'R02-16-O', 'R02-16-I', 'R02-4-A', 'R02-15-I', 'R02-13-A', 'R02-15-O', 'R02-17-A', 'R02-27-A', 'R02-3-U', 'R02-23-E', 'R02-16-U']
2023-02-24 19:18:20,290 - model.relevant_doc_retriever - Miss_querry = ['R02-23-E', 'R02-4-A', 'R02-15-O', 'R02-15-I', 'R02-17-A', 'R02-16-U', 'R02-18-U', 'R02-13-A', 'R02-16-I', 'R02-27-A']
2023-02-24 19:24:38,050 - model.relevant_doc_retriever - Miss_querry = ['R02-18-U', 'R02-4-A', 'R02-23-E', 'R02-15-O', 'R02-17-A', 'R02-16-U', 'R02-16-I', 'R02-15-I', 'R02-13-A', 'R02-27-A']
2023-02-24 19:30:55,345 - model.relevant_doc_retriever - Miss_querry = ['R02-15-I', 'R02-23-E', 'R02-16-I', 'R02-4-A', 'R02-18-U', 'R02-17-A', 'R02-16-U', 'R02-13-A', 'R02-27-A', 'R02-26-U', 'R02-19-I']
2023-02-24 19:37:11,336 - model.relevant_doc_retriever - Miss_querry = ['R02-15-I', 'R02-17-A', 'R02-15-O', 'R02-16-I', 'R02-26-U', 'R02-27-A', 'R02-3-U', 'R02-18-U', 'R02-23-E', 'R02-13-A', 'R02-16-U', 'R02-4-A']
2023-02-24 19:43:27,936 - model.relevant_doc_retriever - Miss_querry = ['R02-13-A', 'R02-23-E', 'R02-15-I', 'R02-16-I', 'R02-26-U', 'R02-17-A', 'R02-27-A', 'R02-18-U', 'R02-4-A', 'R02-15-O']
2023-02-24 19:49:45,011 - model.relevant_doc_retriever - Miss_querry = ['R02-13-A', 'R02-16-I', 'R02-23-E', 'R02-17-A', 'R02-27-A', 'R02-26-U', 'R02-15-I', 'R02-18-U', 'R02-4-A']
2023-02-24 19:56:00,785 - model.relevant_doc_retriever - Miss_querry = ['R02-13-A', 'R02-16-I', 'R02-18-U', 'R02-17-A', 'R02-4-A', 'R02-15-I', 'R02-23-E', 'R02-26-U', 'R02-27-A']
2023-02-24 20:02:17,876 - model.relevant_doc_retriever - Miss_querry = ['R02-17-A', 'R02-4-A', 'R02-23-E', 'R02-13-A', 'R02-26-U', 'R02-16-I', 'R02-15-I', 'R02-18-U', 'R02-27-A']
2023-02-24 20:08:33,981 - model.relevant_doc_retriever - Miss_querry = ['R02-27-A', 'R02-23-E', 'R02-13-A', 'R02-16-I', 'R02-18-U', 'R02-17-A', 'R02-4-A', 'R02-26-U', 'R02-15-I']

2023-02-24 20:10:37,120 - model.relevant_doc_retriever - Miss_querry = ['R03-04-O', 'R03-08-O', 'R03-17-O', 'R03-21-I', 'R03-04-I', 'R03-05-O', 'R03-09-A', 'R03-12-O', 'R03-03-O', 'R03-16-O', 'R03-07-O', 'R03-20-A', 'R03-26-U', 'R03-03-E', 'R03-04-E']